[2026-02-27T19:09:53.689Z] Auto refresh: disabled
[2026-02-27T19:09:53.680Z] Service listening on http://127.0.0.1:8790
[2026-02-27T19:10:03.525Z] Refresh pipeline started (api)
[2026-02-27T19:10:03.792Z] node scripts/refresh_from_doc_ids.mjs | Processing 1Mo5_kUFujPDgS51MdEop7ViWZrvHSf7-ZO-W6fcwOmM...
[2026-02-27T19:10:05.542Z] node scripts/refresh_from_doc_ids.mjs | Processing 1V9vLKCcP4VEsEetxe-5VeSKMa4-OtyQwcwfdG0C78oE...
[2026-02-27T19:10:07.060Z] node scripts/refresh_from_doc_ids.mjs | Processing 1lqDjFzd2mHd4NT2MvGaF9q5YytSEReRkr9cYL0hHukk...
[2026-02-27T19:10:08.633Z] node scripts/refresh_from_doc_ids.mjs | Processing 1KB5JMvCIwpBot3oxUmAhuUUEO7OiI8MSExHrGoRrDkI...
[2026-02-27T19:10:10.238Z] node scripts/refresh_from_doc_ids.mjs | Processing 1vm3jQSwK0gQzl2HTW_8XzDECNLLLbXQj4dglB75hlbM...
[2026-02-27T19:10:11.816Z] node scripts/refresh_from_doc_ids.mjs | Processing 1Ie9ulO_9KDm19rpwVo1-maxRm_xfoU371T_7A4KjBc0...
[2026-02-27T19:10:13.384Z] node scripts/refresh_from_doc_ids.mjs | Processing 11lASfhSpQPKzApjziA9zPFROvcfhNYuDqsG_ZZ9j0k4...
[2026-02-27T19:10:14.925Z] node scripts/refresh_from_doc_ids.mjs | Processing 1vcIKTOgG5zmorL6kb6ZhwQZCvQltcTHH-Xdrj6knYBE...
[2026-02-27T19:10:16.509Z] node scripts/refresh_from_doc_ids.mjs | Wrote 8 doc records to /Users/felixlee/Documents/Chief Fafa Recipe/data/doc-assets.json
Wrote 8 recipes to /Users/felixlee/Documents/Chief Fafa Recipe/data/recipes.json
[2026-02-27T19:10:16.590Z] node scripts/build-site.mjs | Built 8 recipe pages for 3 locales in /Users/felixlee/Documents/Chief Fafa Recipe/site
[2026-02-27T19:10:16.592Z] Refresh pipeline finished in 13067ms
[2026-02-27T19:11:25.244Z] Auto refresh: enabled (30m)
[2026-02-27T19:11:25.234Z] Service listening on http://127.0.0.1:8789
[2026-02-27T19:11:25.245Z] Refresh pipeline started (startup)
[2026-02-27T19:11:25.508Z] node scripts/refresh_from_doc_ids.mjs | Processing 1Mo5_kUFujPDgS51MdEop7ViWZrvHSf7-ZO-W6fcwOmM...
[2026-02-27T19:11:27.046Z] node scripts/refresh_from_doc_ids.mjs | Processing 1V9vLKCcP4VEsEetxe-5VeSKMa4-OtyQwcwfdG0C78oE...
[2026-02-27T19:11:28.136Z] node scripts/refresh_from_doc_ids.mjs | Processing 1lqDjFzd2mHd4NT2MvGaF9q5YytSEReRkr9cYL0hHukk...
[2026-02-27T19:11:29.265Z] node scripts/refresh_from_doc_ids.mjs | Processing 1KB5JMvCIwpBot3oxUmAhuUUEO7OiI8MSExHrGoRrDkI...
[2026-02-27T19:11:30.464Z] node scripts/refresh_from_doc_ids.mjs | Processing 1vm3jQSwK0gQzl2HTW_8XzDECNLLLbXQj4dglB75hlbM...
[2026-02-27T19:11:31.617Z] node scripts/refresh_from_doc_ids.mjs | Processing 1Ie9ulO_9KDm19rpwVo1-maxRm_xfoU371T_7A4KjBc0...
[2026-02-27T19:11:32.739Z] node scripts/refresh_from_doc_ids.mjs | Processing 11lASfhSpQPKzApjziA9zPFROvcfhNYuDqsG_ZZ9j0k4...
[2026-02-27T19:11:33.917Z] node scripts/refresh_from_doc_ids.mjs | Processing 1vcIKTOgG5zmorL6kb6ZhwQZCvQltcTHH-Xdrj6knYBE...
[2026-02-27T19:11:35.163Z] node scripts/refresh_from_doc_ids.mjs | Wrote 8 doc records to /Users/felixlee/Documents/Chief Fafa Recipe/data/doc-assets.json
Wrote 8 recipes to /Users/felixlee/Documents/Chief Fafa Recipe/data/recipes.json
[2026-02-27T19:11:35.242Z] node scripts/build-site.mjs | Built 8 recipe pages for 3 locales in /Users/felixlee/Documents/Chief Fafa Recipe/site
[2026-02-27T19:11:35.244Z] Refresh pipeline finished in 9999ms
